<?xml version="1.0" encoding="UTF-8"?>
<!-- Generated by org.testng.reporters.JUnitReportReporter -->
<testsuite hostname="Nahid" failures="0" tests="4" name="com.cslsoft.KandareeLiteTestCase.LibraryManagement" time="26.187" errors="0" timestamp="2020-12-22T13:49:38 BDT" skipped="0">
  <testcase classname="com.cslsoft.KandareeLiteTestCase.LibraryManagement" name="VerifyLibraryView" time="10.170"/>
  <system-out/>
  <testcase classname="com.cslsoft.KandareeLiteTestCase.LibraryManagement" name="VerifyLibraryEntityType" time="4.437"/>
  <system-out/>
  <testcase classname="com.cslsoft.KandareeLiteTestCase.LibraryManagement" name="AddNewLibrary" time="8.331"/>
  <system-out/>
  <testcase classname="com.cslsoft.KandareeLiteTestCase.LibraryManagement" name="librarySearch" time="3.249"/>
  <system-out/>
</testsuite> <!-- com.cslsoft.KandareeLiteTestCase.LibraryManagement -->
