<?xml version="1.0" encoding="UTF-8"?>
<!-- Generated by org.testng.reporters.JUnitReportReporter -->
<testsuite hostname="Nahid" failures="0" tests="2" name="com.cslsoft.KandareeLiteTestCase.ProfileManagement" time="85.591" errors="0" timestamp="2020-12-29T18:06:04 BDT" skipped="0">
  <testcase classname="com.cslsoft.KandareeLiteTestCase.ProfileManagement" name="navigation" time="14.527"/>
  <system-out/>
  <testcase classname="com.cslsoft.KandareeLiteTestCase.ProfileManagement" name="BackButtonWarningMass" time="71.064"/>
  <system-out/>
</testsuite> <!-- com.cslsoft.KandareeLiteTestCase.ProfileManagement -->
